npm verbose cli C:\Program Files\nodejs\node.exe C:\Program Files\nodejs\node_modules\npm\bin\npm-cli.js
npm info using npm@10.8.1
npm info using node@v20.16.0
npm verbose title npm install
npm verbose argv "install" "--legacy-peer-deps" "--loglevel" "verbose"
npm verbose logfile logs-max:10 dir:C:\Users\lucianom\AppData\Local\npm-cache\_logs\2024-08-20T05_49_14_049Z-
npm verbose logfile C:\Users\lucianom\AppData\Local\npm-cache\_logs\2024-08-20T05_49_14_049Z-debug-0.log
npm http fetch GET 200 https://registry.npmjs.org/@faker-js%2ffaker 1214ms (cache revalidated)
npm http fetch GET 200 https://registry.npmjs.org/cypress-mochawesome-reporter 68ms (cache revalidated)
npm http fetch GET 200 https://registry.npmjs.org/browserstack-cypress-cli 625ms (cache revalidated)
npm http fetch GET 200 https://registry.npmjs.org/cypress 69ms (cache revalidated)
npm http fetch GET 200 https://registry.npmjs.org/async 92ms (cache revalidated)
npm http fetch GET 200 https://registry.npmjs.org/mocha 117ms (cache revalidated)
npm http fetch GET 200 https://registry.npmjs.org/chalk 293ms (cache revalidated)
npm http fetch GET 200 https://registry.npmjs.org/glob 295ms (cache revalidated)
npm http fetch GET 200 https://registry.npmjs.org/archiver 314ms (cache revalidated)
npm http fetch GET 200 https://registry.npmjs.org/fs-extra 319ms (cache revalidated)
npm http fetch GET 200 https://registry.npmjs.org/gitconfiglocal 323ms (cache revalidated)
npm http fetch GET 200 https://registry.npmjs.org/git-repo-info 327ms (cache revalidated)
npm http fetch GET 200 https://registry.npmjs.org/table 108ms (cache revalidated)
npm http fetch GET 200 https://registry.npmjs.org/uuid 107ms (cache revalidated)
npm http fetch GET 200 https://registry.npmjs.org/update-notifier 138ms (cache revalidated)
npm http fetch GET 200 https://registry.npmjs.org/mkdirp 199ms (cache revalidated)
npm http fetch GET 200 https://registry.npmjs.org/request 169ms (cache revalidated)
npm http fetch GET 200 https://registry.npmjs.org/node-ipc 195ms (cache revalidated)
npm http fetch GET 200 https://registry.npmjs.org/windows-release 106ms (cache revalidated)
npm http fetch GET 200 https://registry.npmjs.org/yargs 103ms (cache revalidated)
npm http fetch GET 200 https://registry.npmjs.org/arch 121ms (cache revalidated)
npm http fetch GET 200 https://registry.npmjs.org/winston 171ms (cache revalidated)
npm http fetch GET 200 https://registry.npmjs.org/dayjs 86ms (cache revalidated)
npm http fetch GET 200 https://registry.npmjs.org/decompress 178ms (cache revalidated)
npm http fetch GET 200 https://registry.npmjs.org/tmp 172ms (cache revalidated)
npm http fetch GET 200 https://registry.npmjs.org/debug 153ms (cache revalidated)
npm http fetch GET 200 https://registry.npmjs.org/execa 178ms (cache revalidated)
npm http fetch GET 200 https://registry.npmjs.org/getos 185ms (cache revalidated)
npm http fetch GET 200 https://registry.npmjs.org/buffer 167ms (cache revalidated)
npm http fetch GET 200 https://registry.npmjs.org/is-ci 200ms (cache revalidated)
npm http fetch GET 200 https://registry.npmjs.org/yauzl 204ms (cache revalidated)
npm http fetch GET 200 https://registry.npmjs.org/cli-progress 875ms (cache revalidated)
npm http fetch GET 200 https://registry.npmjs.org/git-last-commit 941ms (cache revalidated)
npm http fetch GET 200 https://registry.npmjs.org/getmac 964ms (cache revalidated)
npm http fetch GET 200 https://registry.npmjs.org/browserstack-local 1061ms (cache revalidated)
npm http fetch GET 200 https://registry.npmjs.org/requestretry 839ms (cache revalidated)
npm http fetch GET 200 https://registry.npmjs.org/listr2 417ms (cache revalidated)
npm http fetch GET 200 https://registry.npmjs.org/lodash 474ms (cache revalidated)
npm http fetch GET 200 https://registry.npmjs.org/semver 502ms (cache revalidated)
npm http fetch GET 200 https://registry.npmjs.org/process 508ms (cache revalidated)
npm http fetch GET 200 https://registry.npmjs.org/figures 529ms (cache revalidated)
npm http fetch GET 200 https://registry.npmjs.org/bluebird 523ms (cache revalidated)
npm http fetch GET 200 https://registry.npmjs.org/cachedir 546ms (cache revalidated)
npm http fetch GET 200 https://registry.npmjs.org/lazy-ass 423ms (cache revalidated)
npm http fetch GET 200 https://registry.npmjs.org/enquirer 466ms (cache revalidated)
npm http fetch GET 200 https://registry.npmjs.org/minimist 428ms (cache revalidated)
npm http fetch GET 200 https://registry.npmjs.org/blob-util 378ms (cache revalidated)
npm http fetch GET 200 https://registry.npmjs.org/commander 398ms (cache revalidated)
npm http fetch GET 200 https://registry.npmjs.org/cli-table3 347ms (cache revalidated)
npm http fetch GET 200 https://registry.npmjs.org/executable 339ms (cache revalidated)
npm http fetch GET 200 https://registry.npmjs.org/log-symbols 276ms (cache revalidated)
npm http fetch GET 200 https://registry.npmjs.org/extract-zip 304ms (cache revalidated)
npm http fetch GET 200 https://registry.npmjs.org/pretty-bytes 306ms (cache revalidated)
npm http fetch GET 200 https://registry.npmjs.org/ospath 1129ms (cache revalidated)
npm http fetch GET 200 https://registry.npmjs.org/@types%2fsizzle 251ms (cache revalidated)
npm http fetch GET 200 https://registry.npmjs.org/eventemitter2 256ms (cache revalidated)
npm http fetch GET 200 https://registry.npmjs.org/proxy-from-env 251ms (cache revalidated)
npm http fetch GET 200 https://registry.npmjs.org/supports-color 281ms (cache revalidated)
npm http fetch GET 200 https://registry.npmjs.org/check-more-types 252ms (cache revalidated)
npm http fetch GET 200 https://registry.npmjs.org/@cypress%2fxvfb 612ms (cache revalidated)
npm http fetch GET 200 https://registry.npmjs.org/request-progress 267ms (cache revalidated)
npm http fetch GET 200 https://registry.npmjs.org/untildify 874ms (cache revalidated)
npm http fetch GET 200 https://registry.npmjs.org/is-installed-globally 248ms (cache revalidated)
npm http fetch GET 200 https://registry.npmjs.org/cli-cursor 866ms (cache revalidated)
npm http fetch GET 200 https://registry.npmjs.org/mochawesome 201ms (cache revalidated)
npm http fetch GET 200 https://registry.npmjs.org/mochawesome-merge 202ms (cache revalidated)
npm http fetch GET 200 https://registry.npmjs.org/@cypress%2frequest 499ms (cache revalidated)
npm http fetch GET 200 https://registry.npmjs.org/common-tags 837ms (cache revalidated)
npm http fetch GET 200 https://registry.npmjs.org/mochawesome-report-generator 753ms (cache revalidated)
npm http fetch GET 200 https://registry.npmjs.org/@types%2fsinonjs__fake-timers 1419ms (cache revalidated)
npm http fetch GET 200 https://registry.npmjs.org/readdir-glob 75ms (cache revalidated)
npm http fetch GET 200 https://registry.npmjs.org/readable-stream 86ms (cache revalidated)
npm http fetch GET 200 https://registry.npmjs.org/https-proxy-agent 93ms (cache revalidated)
npm http fetch GET 200 https://registry.npmjs.org/tar-stream 108ms (cache revalidated)
npm http fetch GET 200 https://registry.npmjs.org/agent-base 110ms (cache revalidated)
npm http fetch GET 200 https://registry.npmjs.org/ansi-styles 85ms (cache revalidated)
npm http fetch GET 200 https://registry.npmjs.org/decompress-tar 74ms (cache revalidated)
npm http fetch GET 200 https://registry.npmjs.org/string-width 88ms (cache revalidated)
npm http fetch GET 200 https://registry.npmjs.org/decompress-targz 91ms (cache revalidated)
npm http fetch GET 200 https://registry.npmjs.org/decompress-unzip 58ms (cache revalidated)
npm http fetch GET 200 https://registry.npmjs.org/make-dir 57ms (cache revalidated)
npm http fetch GET 200 https://registry.npmjs.org/pify 54ms (cache revalidated)
npm http fetch GET 200 https://registry.npmjs.org/strip-dirs 56ms (cache revalidated)
npm http fetch GET 200 https://registry.npmjs.org/graceful-fs 118ms (cache revalidated)
npm http fetch GET 200 https://registry.npmjs.org/graceful-fs 56ms (cache revalidated)
npm http fetch GET 200 https://registry.npmjs.org/jsonfile 86ms (cache revalidated)
npm http fetch GET 200 https://registry.npmjs.org/universalify 95ms (cache revalidated)
npm http fetch GET 200 https://registry.npmjs.org/ini 80ms (cache revalidated)
npm http fetch GET 200 https://registry.npmjs.org/@types%2fnode 135ms (cache revalidated)
npm http fetch GET 200 https://registry.npmjs.org/once 293ms (cache revalidated)
npm http fetch GET 200 https://registry.npmjs.org/ps-tree 666ms (cache revalidated)
npm http fetch GET 200 https://registry.npmjs.org/temp-fs 669ms (cache revalidated)
npm http fetch GET 200 https://registry.npmjs.org/is-running 683ms (cache revalidated)
npm http fetch GET 200 https://registry.npmjs.org/buffer-crc32 707ms (cache revalidated)
npm http fetch GET 200 https://registry.npmjs.org/archiver-utils 722ms (cache revalidated)
npm http fetch GET 200 https://registry.npmjs.org/zip-stream 723ms (cache revalidated)
npm http fetch GET 200 https://registry.npmjs.org/inflight 355ms (cache revalidated)
npm http fetch GET 200 https://registry.npmjs.org/inherits 399ms (cache revalidated)
npm http fetch GET 200 https://registry.npmjs.org/minimatch 171ms (cache revalidated)
npm http fetch GET 200 https://registry.npmjs.org/decompress-tarbz2 701ms (cache revalidated)
npm http fetch GET 200 https://registry.npmjs.org/fs.realpath 215ms (cache revalidated)
npm http fetch GET 200 https://registry.npmjs.org/ansi-colors 199ms (cache revalidated)
npm http fetch GET 200 https://registry.npmjs.org/path-is-absolute 213ms (cache revalidated)
npm http fetch GET 200 https://registry.npmjs.org/browser-stdout 202ms (cache revalidated)
npm http fetch GET 200 https://registry.npmjs.org/escape-string-regexp 203ms (cache revalidated)
npm http fetch GET 200 https://registry.npmjs.org/diff 223ms (cache revalidated)
npm http fetch GET 200 https://registry.npmjs.org/chokidar 247ms (cache revalidated)
npm http fetch GET 200 https://registry.npmjs.org/find-up 239ms (cache revalidated)
npm http fetch GET 200 https://registry.npmjs.org/ms 195ms (cache revalidated)
npm http fetch GET 200 https://registry.npmjs.org/js-yaml 212ms (cache revalidated)
npm http fetch GET 200 https://registry.npmjs.org/yargs 148ms (cache hit)
npm http fetch GET 200 https://registry.npmjs.org/he 453ms (cache revalidated)
npm http fetch GET 200 https://registry.npmjs.org/strip-json-comments 381ms (cache revalidated)
npm http fetch GET 200 https://registry.npmjs.org/workerpool 384ms (cache revalidated)
npm http fetch GET 200 https://registry.npmjs.org/serialize-javascript 409ms (cache revalidated)
npm http fetch GET 200 https://registry.npmjs.org/yargs-parser 384ms (cache revalidated)
npm http fetch GET 200 https://registry.npmjs.org/yargs-unparser 385ms (cache revalidated)
npm http fetch GET 200 https://registry.npmjs.org/js-message 388ms (cache revalidated)
npm http fetch GET 200 https://registry.npmjs.org/aws4 315ms (cache revalidated)
npm http fetch GET 200 https://registry.npmjs.org/qs 365ms (cache revalidated)
npm http fetch GET 200 https://registry.npmjs.org/caseless 176ms (cache revalidated)
npm http fetch GET 200 https://registry.npmjs.org/extend 192ms (cache revalidated)
npm http fetch GET 200 https://registry.npmjs.org/aws-sign2 168ms (cache revalidated)
npm http fetch GET 200 https://registry.npmjs.org/isstream 224ms (cache revalidated)
npm http fetch GET 200 https://registry.npmjs.org/form-data 202ms (cache revalidated)
npm http fetch GET 200 https://registry.npmjs.org/oauth-sign 176ms (cache revalidated)
npm http fetch GET 200 https://registry.npmjs.org/mime-types 224ms (cache revalidated)
npm http fetch GET 200 https://registry.npmjs.org/safe-buffer 204ms (cache revalidated)
npm http fetch GET 200 https://registry.npmjs.org/tough-cookie 202ms (cache revalidated)
npm http fetch GET 200 https://registry.npmjs.org/forever-agent 234ms (cache revalidated)
npm http fetch GET 200 https://registry.npmjs.org/tunnel-agent 249ms (cache revalidated)
npm http fetch GET 200 https://registry.npmjs.org/har-validator 248ms (cache revalidated)
npm http fetch GET 200 https://registry.npmjs.org/is-typedarray 265ms (cache revalidated)
npm http fetch GET 200 https://registry.npmjs.org/combined-stream 229ms (cache revalidated)
npm http fetch GET 200 https://registry.npmjs.org/http-signature 253ms (cache revalidated)
npm http fetch GET 200 https://registry.npmjs.org/performance-now 242ms (cache revalidated)
npm http fetch GET 200 https://registry.npmjs.org/json-stringify-safe 239ms (cache revalidated)
npm http fetch GET 200 https://registry.npmjs.org/ajv 229ms (cache revalidated)
npm http fetch GET 200 https://registry.npmjs.org/boxen 383ms (cache revalidated)
npm http fetch GET 200 https://registry.npmjs.org/pupa 416ms (cache revalidated)
npm http fetch GET 200 https://registry.npmjs.org/js-queue 1210ms (cache revalidated)
npm http fetch GET 200 https://registry.npmjs.org/slice-ansi 523ms (cache revalidated)
npm http fetch GET 200 https://registry.npmjs.org/event-pubsub 1243ms (cache revalidated)
npm http fetch GET 200 https://registry.npmjs.org/is-npm 552ms (cache revalidated)
npm http fetch GET 200 https://registry.npmjs.org/configstore 539ms (cache revalidated)
npm http fetch GET 200 https://registry.npmjs.org/import-lazy 542ms (cache revalidated)
npm http fetch GET 200 https://registry.npmjs.org/semver-diff 575ms (cache revalidated)
npm http fetch GET 200 https://registry.npmjs.org/xdg-basedir 433ms (cache revalidated)
npm http fetch GET 200 https://registry.npmjs.org/latest-version 376ms (cache revalidated)
npm http fetch GET 200 https://registry.npmjs.org/eyes 333ms (cache revalidated)
npm http fetch GET 200 https://registry.npmjs.org/stack-trace 232ms (cache revalidated)
npm http fetch GET 200 https://registry.npmjs.org/colors 303ms (cache revalidated)
npm http fetch GET 200 https://registry.npmjs.org/decamelize 186ms (cache revalidated)
npm http fetch GET 200 https://registry.npmjs.org/cliui 197ms (cache revalidated)
npm http fetch GET 200 https://registry.npmjs.org/y18n 221ms (cache revalidated)
npm http fetch GET 200 https://registry.npmjs.org/which-module 162ms (cache revalidated)
npm http fetch GET 200 https://registry.npmjs.org/require-main-filename 126ms (cache revalidated)
npm http fetch GET 200 https://registry.npmjs.org/set-blocking 242ms (cache revalidated)
npm http fetch GET 200 https://registry.npmjs.org/get-caller-file 172ms (cache revalidated)
npm http fetch GET 200 https://registry.npmjs.org/require-directory 169ms (cache revalidated)
npm http fetch GET 200 https://registry.npmjs.org/is-in-ci 1029ms (cache revalidated)
npm http fetch GET 200 https://registry.npmjs.org/cycle 796ms (cache revalidated)
npm http fetch GET 200 https://registry.npmjs.org/lodash.isplainobject 141ms (cache revalidated)
npm http fetch GET 200 https://registry.npmjs.org/lazystream 155ms (cache revalidated)
npm http fetch GET 200 https://registry.npmjs.org/lodash.defaults 162ms (cache revalidated)
npm http fetch GET 200 https://registry.npmjs.org/normalize-path 162ms (cache revalidated)
npm http fetch GET 200 https://registry.npmjs.org/end-of-stream 164ms (cache revalidated)
npm http fetch GET 200 https://registry.npmjs.org/string_decoder 185ms (cache revalidated)
npm http fetch GET 200 https://registry.npmjs.org/bl 176ms (cache revalidated)
npm http fetch GET 200 https://registry.npmjs.org/util-deprecate 193ms (cache revalidated)
npm http fetch GET 200 https://registry.npmjs.org/lodash.union 213ms (cache revalidated)
npm http fetch GET 200 https://registry.npmjs.org/lodash.flatten 219ms (cache revalidated)
npm http fetch GET 200 https://registry.npmjs.org/fs-constants 123ms (cache revalidated)
npm http fetch GET 200 https://registry.npmjs.org/lodash.difference 692ms (cache revalidated)
npm http fetch GET 200 https://registry.npmjs.org/compress-commons 710ms (cache revalidated)
npm http fetch GET 200 https://registry.npmjs.org/process-nextick-args 65ms (cache revalidated)
npm http fetch GET 200 https://registry.npmjs.org/core-util-is 72ms (cache revalidated)
npm http fetch GET 200 https://registry.npmjs.org/isarray 73ms (cache revalidated)
npm http fetch GET 200 https://registry.npmjs.org/event-stream 63ms (cache revalidated)
npm http fetch GET 200 https://registry.npmjs.org/rimraf 74ms (cache revalidated)
npm http fetch GET 200 https://registry.npmjs.org/color-convert 59ms (cache revalidated)
npm http fetch GET 200 https://registry.npmjs.org/has-flag 68ms (cache revalidated)
npm http fetch GET 200 https://registry.npmjs.org/color-name 61ms (cache revalidated)
npm http fetch GET 200 https://registry.npmjs.org/emoji-regex 58ms (cache revalidated)
npm http fetch GET 200 https://registry.npmjs.org/strip-ansi 67ms (cache revalidated)
npm http fetch GET 200 https://registry.npmjs.org/is-fullwidth-code-point 93ms (cache revalidated)
npm http fetch GET 200 https://registry.npmjs.org/is-stream 106ms (cache revalidated)
npm http fetch GET 200 https://registry.npmjs.org/signal-exit 108ms (cache revalidated)
npm http fetch GET 200 https://registry.npmjs.org/base64-js 133ms (cache revalidated)
npm http fetch GET 200 https://registry.npmjs.org/get-stream 125ms (cache revalidated)
npm http fetch GET 200 https://registry.npmjs.org/merge-stream 144ms (cache revalidated)
npm http fetch GET 200 https://registry.npmjs.org/onetime 163ms (cache revalidated)
npm http fetch GET 200 https://registry.npmjs.org/cross-spawn 168ms (cache revalidated)
npm http fetch GET 200 https://registry.npmjs.org/restore-cursor 187ms (cache revalidated)
npm http fetch GET 200 https://registry.npmjs.org/lodash.once 200ms (cache revalidated)
npm http fetch GET 200 https://registry.npmjs.org/human-signals 165ms (cache revalidated)
npm http fetch GET 200 https://registry.npmjs.org/npm-run-path 179ms (cache revalidated)
npm http fetch GET 200 https://registry.npmjs.org/at-least-node 157ms (cache revalidated)
npm http fetch GET 200 https://registry.npmjs.org/ci-info 170ms (cache revalidated)
npm http fetch GET 200 https://registry.npmjs.org/is-path-inside 177ms (cache revalidated)
npm http fetch GET 200 https://registry.npmjs.org/rfdc 180ms (cache revalidated)
npm http fetch GET 200 https://registry.npmjs.org/@types%2fyauzl 259ms (cache revalidated)
npm http fetch GET 200 https://registry.npmjs.org/@colors%2fcolors 403ms (cache revalidated)
npm http fetch GET 200 https://registry.npmjs.org/rxjs 150ms (cache revalidated)
npm http fetch GET 200 https://registry.npmjs.org/p-map 225ms (cache revalidated)
npm http fetch GET 200 https://registry.npmjs.org/through 226ms (cache revalidated)
npm http fetch GET 200 https://registry.npmjs.org/wrap-ansi 185ms (cache revalidated)
npm http fetch GET 200 https://registry.npmjs.org/log-update 182ms (cache revalidated)
npm http fetch GET 200 https://registry.npmjs.org/colorette 212ms (cache revalidated)
npm http fetch GET 200 https://registry.npmjs.org/cli-truncate 197ms (cache revalidated)
npm http fetch GET 200 https://registry.npmjs.org/is-unicode-supported 201ms (cache revalidated)
npm http fetch GET 200 https://registry.npmjs.org/throttleit 137ms (cache revalidated)
npm http fetch GET 200 https://registry.npmjs.org/ieee754 675ms (cache revalidated)
npm http fetch GET 200 https://registry.npmjs.org/global-dirs 736ms (cache revalidated)
npm http fetch GET 200 https://registry.npmjs.org/strip-final-newline 842ms (cache revalidated)
npm http fetch GET 200 https://registry.npmjs.org/fd-slicer 672ms (cache revalidated)
npm http fetch GET 200 https://registry.npmjs.org/mime-db 104ms (cache revalidated)
npm http fetch GET 200 https://registry.npmjs.org/delayed-stream 136ms (cache revalidated)
npm http fetch GET 200 https://registry.npmjs.org/jsprim 135ms (cache revalidated)
npm http fetch GET 200 https://registry.npmjs.org/sshpk 131ms (cache revalidated)
npm http fetch GET 200 https://registry.npmjs.org/side-channel 138ms (cache revalidated)
npm http fetch GET 200 https://registry.npmjs.org/url-parse 143ms (cache revalidated)
npm http fetch GET 200 https://registry.npmjs.org/punycode 150ms (cache revalidated)
npm http fetch GET 200 https://registry.npmjs.org/assert-plus 178ms (cache revalidated)
npm http fetch GET 200 https://registry.npmjs.org/asynckit 182ms (cache revalidated)
npm http fetch GET 200 https://registry.npmjs.org/psl 171ms (cache revalidated)
npm http fetch GET 200 https://registry.npmjs.org/yargs 82ms (cache hit)
npm http fetch GET 200 https://registry.npmjs.org/lodash.isfunction 151ms (cache revalidated)
npm http fetch GET 200 https://registry.npmjs.org/escape-html 144ms (cache revalidated)
npm http fetch GET 200 https://registry.npmjs.org/lodash.isobject 164ms (cache revalidated)
npm http fetch GET 200 https://registry.npmjs.org/lodash.isstring 165ms (cache revalidated)
npm http fetch GET 200 https://registry.npmjs.org/lodash.isempty 175ms (cache revalidated)
npm http fetch GET 200 https://registry.npmjs.org/lodash.isfunction 159ms (cache revalidated)
npm http fetch GET 200 https://registry.npmjs.org/dateformat 172ms (cache revalidated)
npm http fetch GET 200 https://registry.npmjs.org/prop-types 170ms (cache revalidated)
npm http fetch GET 200 https://registry.npmjs.org/opener 179ms (cache revalidated)
npm http fetch GET 200 https://registry.npmjs.org/yargs 68ms (cache hit)
npm http fetch GET 200 https://registry.npmjs.org/tcomb-validation 108ms (cache revalidated)
npm http fetch GET 200 https://registry.npmjs.org/validator 110ms (cache revalidated)
npm http fetch GET 200 https://registry.npmjs.org/fsu 689ms (cache revalidated)
npm http fetch GET 200 https://registry.npmjs.org/tcomb 745ms (cache revalidated)
npm http fetch GET 200 https://registry.npmjs.org/seek-bzip 79ms (cache revalidated)
npm http fetch GET 200 https://registry.npmjs.org/file-type 660ms (cache revalidated)
npm http fetch GET 200 https://registry.npmjs.org/is-natural-number 659ms (cache revalidated)
npm http fetch GET 200 https://registry.npmjs.org/unbzip2-stream 672ms (cache revalidated)
npm http fetch GET 200 https://registry.npmjs.org/file-type 671ms (cache revalidated)
npm http fetch GET 200 https://registry.npmjs.org/file-type 695ms (cache revalidated)
npm http fetch GET 200 https://registry.npmjs.org/file-type 712ms (cache revalidated)
npm http fetch GET 200 https://registry.npmjs.org/to-buffer 67ms (cache revalidated)
npm http fetch GET 200 https://registry.npmjs.org/xtend 73ms (cache revalidated)
npm http fetch GET 200 https://registry.npmjs.org/buffer-alloc 90ms (cache revalidated)
npm http fetch GET 200 https://registry.npmjs.org/pinkie-promise 61ms (cache revalidated)
npm http fetch GET 200 https://registry.npmjs.org/object-assign 64ms (cache revalidated)
npm http fetch GET 200 https://registry.npmjs.org/ansi-regex 62ms (cache revalidated)
npm http fetch GET 200 https://registry.npmjs.org/shebang-command 74ms (cache revalidated)
npm http fetch GET 200 https://registry.npmjs.org/path-key 84ms (cache revalidated)
npm http fetch GET 200 https://registry.npmjs.org/which 86ms (cache revalidated)
npm http fetch GET 200 https://registry.npmjs.org/mimic-fn 93ms (cache revalidated)
npm http fetch GET 200 https://registry.npmjs.org/pump 99ms (cache revalidated)
npm http fetch GET 200 https://registry.npmjs.org/path-key 105ms (cache revalidated)
npm http fetch GET 200 https://registry.npmjs.org/isexe 68ms (cache revalidated)
npm http fetch GET 200 https://registry.npmjs.org/shebang-regex 72ms (cache revalidated)
npm http fetch GET 200 https://registry.npmjs.org/@types%2fnode 56ms (cache hit)
npm http fetch GET 200 https://registry.npmjs.org/undici-types 59ms (cache revalidated)
npm http fetch GET 200 https://registry.npmjs.org/pinkie 70ms (cache revalidated)
npm http fetch GET 200 https://registry.npmjs.org/brace-expansion 67ms (cache revalidated)
npm http fetch GET 200 https://registry.npmjs.org/wrappy 92ms (cache revalidated)
npm http fetch GET 200 https://registry.npmjs.org/wrappy 93ms (cache revalidated)
npm http fetch GET 200 https://registry.npmjs.org/dashdash 89ms (cache revalidated)
npm http fetch GET 200 https://registry.npmjs.org/extsprintf 109ms (cache revalidated)
npm http fetch GET 200 https://registry.npmjs.org/jsbn 102ms (cache revalidated)
npm http fetch GET 200 https://registry.npmjs.org/safer-buffer 112ms (cache revalidated)
npm http fetch GET 200 https://registry.npmjs.org/verror 125ms (cache revalidated)
npm http fetch GET 200 https://registry.npmjs.org/json-schema 142ms (cache revalidated)
npm http fetch GET 200 https://registry.npmjs.org/tweetnacl 131ms (cache revalidated)
npm http fetch GET 200 https://registry.npmjs.org/asn1 147ms (cache revalidated)
npm http fetch GET 200 https://registry.npmjs.org/bcrypt-pbkdf 137ms (cache revalidated)
npm http fetch GET 200 https://registry.npmjs.org/getpass 150ms (cache revalidated)
npm http fetch GET 200 https://registry.npmjs.org/ecc-jsbn 146ms (cache revalidated)
npm http fetch GET 200 https://registry.npmjs.org/tslib 67ms (cache revalidated)
npm http fetch GET 200 https://registry.npmjs.org/aggregate-error 89ms (cache revalidated)
npm http fetch GET 200 https://registry.npmjs.org/ansi-escapes 102ms (cache revalidated)
npm http fetch GET 200 https://registry.npmjs.org/astral-regex 50ms (cache revalidated)
npm http fetch GET 200 https://registry.npmjs.org/type-fest 62ms (cache revalidated)
npm http fetch GET 200 https://registry.npmjs.org/concat-map 77ms (cache revalidated)
npm http fetch GET 200 https://registry.npmjs.org/balanced-match 90ms (cache revalidated)
npm http fetch GET 200 https://registry.npmjs.org/is-binary-path 105ms (cache revalidated)
npm http fetch GET 200 https://registry.npmjs.org/locate-path 113ms (cache revalidated)
npm http fetch GET 200 https://registry.npmjs.org/anymatch 132ms (cache revalidated)
npm http fetch GET 200 https://registry.npmjs.org/readdirp 129ms (cache revalidated)
npm http fetch GET 200 https://registry.npmjs.org/is-glob 140ms (cache revalidated)
npm http fetch GET 200 https://registry.npmjs.org/fsevents 142ms (cache revalidated)
npm http fetch GET 200 https://registry.npmjs.org/braces 164ms (cache revalidated)
npm http fetch GET 200 https://registry.npmjs.org/argparse 161ms (cache revalidated)
npm http fetch GET 200 https://registry.npmjs.org/glob-parent 175ms (cache revalidated)
npm http fetch GET 200 https://registry.npmjs.org/randombytes 159ms (cache revalidated)
npm http fetch GET 200 https://registry.npmjs.org/path-exists 181ms (cache revalidated)
npm http fetch GET 200 https://registry.npmjs.org/camelcase 118ms (cache revalidated)
npm http fetch GET 200 https://registry.npmjs.org/escalade 136ms (cache revalidated)
npm http fetch GET 200 https://registry.npmjs.org/flat 120ms (cache revalidated)
npm http fetch GET 200 https://registry.npmjs.org/is-plain-obj 116ms (cache revalidated)
npm http fetch GET 200 https://registry.npmjs.org/is-extglob 70ms (cache revalidated)
npm http fetch GET 200 https://registry.npmjs.org/picomatch 78ms (cache revalidated)
npm http fetch GET 200 https://registry.npmjs.org/picomatch 75ms (cache revalidated)
npm http fetch GET 200 https://registry.npmjs.org/fill-range 109ms (cache revalidated)
npm http fetch GET 200 https://registry.npmjs.org/binary-extensions 124ms (cache revalidated)
npm http fetch GET 200 https://registry.npmjs.org/to-regex-range 79ms (cache revalidated)
npm http fetch GET 200 https://registry.npmjs.org/is-number 60ms (cache revalidated)
npm http fetch GET 200 https://registry.npmjs.org/p-locate 111ms (cache revalidated)
npm http fetch GET 200 https://registry.npmjs.org/p-limit 49ms (cache revalidated)
npm http fetch GET 200 https://registry.npmjs.org/loose-envify 70ms (cache revalidated)
npm http fetch GET 200 https://registry.npmjs.org/react-is 87ms (cache revalidated)
npm http fetch GET 200 https://registry.npmjs.org/easy-stack 68ms (cache revalidated)
npm http fetch GET 200 https://registry.npmjs.org/yocto-queue 59ms (cache revalidated)
npm http fetch GET 200 https://registry.npmjs.org/clean-stack 60ms (cache revalidated)
npm http fetch GET 200 https://registry.npmjs.org/indent-string 109ms (cache revalidated)
npm http fetch GET 200 https://registry.npmjs.org/js-tokens 57ms (cache revalidated)
npm http fetch GET 200 https://registry.npmjs.org/from 73ms (cache revalidated)
npm http fetch GET 200 https://registry.npmjs.org/split 70ms (cache revalidated)
npm http fetch GET 200 https://registry.npmjs.org/stream-combiner 82ms (cache revalidated)
npm http fetch GET 200 https://registry.npmjs.org/pause-stream 88ms (cache revalidated)
npm http fetch GET 200 https://registry.npmjs.org/duplexer 96ms (cache revalidated)
npm http fetch GET 200 https://registry.npmjs.org/map-stream 131ms (cache revalidated)
npm http fetch GET 200 https://registry.npmjs.org/es-errors 65ms (cache revalidated)
npm http fetch GET 200 https://registry.npmjs.org/call-bind 69ms (cache revalidated)
npm http fetch GET 200 https://registry.npmjs.org/get-intrinsic 69ms (cache revalidated)
npm http fetch GET 200 https://registry.npmjs.org/object-inspect 72ms (cache revalidated)
npm http fetch GET 200 https://registry.npmjs.org/ajv 29ms (cache hit)
npm http fetch GET 200 https://registry.npmjs.org/har-schema 59ms (cache revalidated)
npm http fetch GET 200 https://registry.npmjs.org/fast-json-stable-stringify 58ms (cache revalidated)
npm http fetch GET 200 https://registry.npmjs.org/uri-js 72ms (cache revalidated)
npm http fetch GET 200 https://registry.npmjs.org/fast-deep-equal 74ms (cache revalidated)
npm http fetch GET 200 https://registry.npmjs.org/json-schema-traverse 82ms (cache revalidated)
npm http fetch GET 200 https://registry.npmjs.org/es-define-property 116ms (cache revalidated)
npm http fetch GET 200 https://registry.npmjs.org/has-proto 106ms (cache revalidated)
npm http fetch GET 200 https://registry.npmjs.org/function-bind 120ms (cache revalidated)
npm http fetch GET 200 https://registry.npmjs.org/set-function-length 119ms (cache revalidated)
npm http fetch GET 200 https://registry.npmjs.org/hasown 108ms (cache revalidated)
npm http fetch GET 200 https://registry.npmjs.org/function-bind 126ms (cache revalidated)
npm http fetch GET 200 https://registry.npmjs.org/has-symbols 119ms (cache revalidated)
npm http fetch GET 200 https://registry.npmjs.org/has-property-descriptors 57ms (cache revalidated)
npm http fetch GET 200 https://registry.npmjs.org/define-data-property 78ms (cache revalidated)
npm http fetch GET 200 https://registry.npmjs.org/gopd 83ms (cache revalidated)
npm http fetch GET 200 https://registry.npmjs.org/requires-port 59ms (cache revalidated)
npm http fetch GET 200 https://registry.npmjs.org/querystringify 74ms (cache revalidated)
npm http fetch GET 200 https://registry.npmjs.org/cli-boxes 103ms (cache revalidated)
npm http fetch GET 200 https://registry.npmjs.org/ansi-align 101ms (cache revalidated)
npm http fetch GET 200 https://registry.npmjs.org/unique-string 98ms (cache revalidated)
npm http fetch GET 200 https://registry.npmjs.org/dot-prop 103ms (cache revalidated)
npm http fetch GET 200 https://registry.npmjs.org/write-file-atomic 97ms (cache revalidated)
npm http fetch GET 200 https://registry.npmjs.org/package-json 100ms (cache revalidated)
npm http fetch GET 200 https://registry.npmjs.org/widest-line 665ms (cache revalidated)
npm http fetch GET 200 https://registry.npmjs.org/escape-goat 649ms (cache revalidated)
npm http fetch GET 200 https://registry.npmjs.org/eastasianwidth 96ms (cache revalidated)
npm http fetch GET 200 https://registry.npmjs.org/is-obj 86ms (cache revalidated)
npm http fetch GET 200 https://registry.npmjs.org/typedarray-to-buffer 90ms (cache revalidated)
npm http fetch GET 200 https://registry.npmjs.org/imurmurhash 97ms (cache revalidated)
npm http fetch GET 200 https://registry.npmjs.org/crypto-random-string 119ms (cache revalidated)
npm http fetch GET 200 https://registry.npmjs.org/got 76ms (cache revalidated)
npm http fetch GET 200 https://registry.npmjs.org/registry-url 106ms (cache revalidated)
npm http fetch GET 200 https://registry.npmjs.org/registry-auth-token 107ms (cache revalidated)
npm http fetch GET 200 https://registry.npmjs.org/responselike 108ms (cache revalidated)
npm http fetch GET 200 https://registry.npmjs.org/cacheable-lookup 113ms (cache revalidated)
npm http fetch GET 200 https://registry.npmjs.org/form-data-encoder 115ms (cache revalidated)
npm http fetch GET 200 https://registry.npmjs.org/p-cancelable 140ms (cache revalidated)
npm http fetch GET 200 https://registry.npmjs.org/http2-wrapper 141ms (cache revalidated)
npm http fetch GET 200 https://registry.npmjs.org/decompress-response 142ms (cache revalidated)
npm http fetch GET 200 https://registry.npmjs.org/cacheable-request 160ms (cache revalidated)
npm http fetch GET 200 https://registry.npmjs.org/lowercase-keys 177ms (cache revalidated)
npm http fetch GET 200 https://registry.npmjs.org/rc 89ms (cache revalidated)
npm http fetch GET 200 https://registry.npmjs.org/@sindresorhus%2fis 318ms (cache revalidated)
npm http fetch GET 200 https://registry.npmjs.org/@pnpm%2fnpm-conf 317ms (cache revalidated)
npm http fetch GET 200 https://registry.npmjs.org/@szmarczak%2fhttp-timer 335ms (cache revalidated)
npm http fetch GET 200 https://registry.npmjs.org/defer-to-connect 93ms (cache revalidated)
npm http fetch GET 200 https://registry.npmjs.org/http-cache-semantics 102ms (cache revalidated)
npm http fetch GET 200 https://registry.npmjs.org/normalize-url 104ms (cache revalidated)
npm http fetch GET 200 https://registry.npmjs.org/keyv 113ms (cache revalidated)
npm http fetch GET 200 https://registry.npmjs.org/@types%2fhttp-cache-semantics 125ms (cache revalidated)
npm http fetch GET 200 https://registry.npmjs.org/quick-lru 121ms (cache revalidated)
npm http fetch GET 200 https://registry.npmjs.org/resolve-alpn 131ms (cache revalidated)
npm http fetch GET 200 https://registry.npmjs.org/mimic-response 134ms (cache revalidated)
npm http fetch GET 200 https://registry.npmjs.org/mimic-response 139ms (cache revalidated)
npm http fetch GET 200 https://registry.npmjs.org/json-buffer 50ms (cache revalidated)
npm http fetch GET 200 https://registry.npmjs.org/config-chain 74ms (cache revalidated)
npm http fetch GET 200 https://registry.npmjs.org/@pnpm%2fconfig.env-replace 1504ms (cache revalidated)
npm http fetch GET 200 https://registry.npmjs.org/@pnpm%2fnetwork.ca-file 1528ms (cache revalidated)
npm http fetch GET 200 https://registry.npmjs.org/proto-list 57ms (cache revalidated)
npm http fetch GET 200 https://registry.npmjs.org/deep-extend 81ms (cache revalidated)
npm http fetch GET 200 https://registry.npmjs.org/pend 45ms (cache revalidated)
npm http fetch GET 200 https://registry.npmjs.org/crc32-stream 49ms (cache revalidated)
npm http fetch GET 200 https://registry.npmjs.org/crc-32 637ms (cache revalidated)
npm http fetch GET 200 https://registry.npmjs.org/buffer-alloc-unsafe 50ms (cache revalidated)
npm http fetch GET 200 https://registry.npmjs.org/buffer-fill 84ms (cache revalidated)
npm http fetch GET 200 https://registry.npmjs.org/p-try 50ms (cache revalidated)
npm verbose reify failed optional dependency C:\Users\lucianom\Downloads\Particular\Treinamento\QA\Pos graduacao\06 - Automação de Testes Web\automacao-web-pgats\tmpBstackPackages\node_modules\fsevents
npm http fetch POST 200 https://registry.npmjs.org/-/npm/v1/security/advisories/bulk 1701ms
npm warn deprecated inflight@1.0.6: This module is not supported, and leaks memory. Do not use it. Check out lru-cache if you want a good and tested way to coalesce async requests by a key value, which is much more comprehensive and powerful.
npm warn deprecated rimraf@2.5.4: Rimraf versions prior to v4 are no longer supported
npm warn deprecated har-validator@5.1.5: this library is no longer supported
npm warn deprecated glob@7.2.3: Glob versions prior to v9 are no longer supported
npm warn deprecated glob@8.1.0: Glob versions prior to v9 are no longer supported
npm http fetch GET 200 https://registry.npmjs.org/tough-cookie 1831ms (cache miss)
npm http fetch GET 200 https://registry.npmjs.org/request 1953ms (cache miss)
npm warn deprecated uuid@3.4.0: Please upgrade  to version 7 or higher.  Older versions may use Math.random() in certain circumstances, which is known to be problematic.  See https://v8.dev/blog/math-random for details.
npm warn deprecated request@2.88.2: request has been deprecated, see https://github.com/request/request/issues/3142
npm http fetch GET 200 https://registry.npmjs.org/browserstack-cypress-cli 833ms (cache miss)
npm http fetch GET 200 https://registry.npmjs.org/cypress/-/cypress-13.13.3.tgz 7413ms (cache miss)
npm info run cypress@13.13.3 postinstall node_modules/cypress node index.js --exec install
npm info run cypress@13.13.3 postinstall { code: 0, signal: null }

added 501 packages, and audited 502 packages in 53s

96 packages are looking for funding
  run `npm fund` for details

3 moderate severity vulnerabilities

To address all issues (including breaking changes), run:
  npm audit fix --force

Run `npm audit` for details.
npm verbose cwd C:\Users\lucianom\Downloads\Particular\Treinamento\QA\Pos graduacao\06 - Automação de Testes Web\automacao-web-pgats\tmpBstackPackages
npm verbose os Windows_NT 10.0.22621
npm verbose node v20.16.0
npm verbose npm  v10.8.1
npm verbose exit 0
npm info ok
